------------------------------------------
listing files in /ChargedHiggs_HplusTB_HplusToTB_M-180_13TeV_amcatnlo_pythia8/RunIISummer16MiniAODv2-PUMoriond17_80X_mcRun2_asymptotic_2016_TrancheIV_v6-v1/MINIAODSIM
T2_CH_CERN
1499270
------------------------------------------
listing files in /ChargedHiggs_HplusTB_HplusToTB_M-200_13TeV_amcatnlo_pythia8/RunIISummer16MiniAODv2-PUMoriond17_80X_mcRun2_asymptotic_2016_TrancheIV_v6-v1/MINIAODSIM
T2_CH_CERN
1473805
------------------------------------------
listing files in /ChargedHiggs_HplusTB_HplusToTB_M-220_13TeV_amcatnlo_pythia8/RunIISummer16MiniAODv2-PUMoriond17_80X_mcRun2_asymptotic_2016_TrancheIV_v6-v1/MINIAODSIM
T2_CH_CERN
1499361
------------------------------------------
listing files in /ChargedHiggs_HplusTB_HplusToTB_M-250_13TeV_amcatnlo_pythia8/RunIISummer16MiniAODv2-PUMoriond17_80X_mcRun2_asymptotic_2016_TrancheIV_v6-v1/MINIAODSIM
T2_CH_CERN
1491475
------------------------------------------
listing files in /ChargedHiggs_HplusTB_HplusToTB_M-300_13TeV_amcatnlo_pythia8/RunIISummer16MiniAODv2-PUMoriond17_80X_mcRun2_asymptotic_2016_TrancheIV_v6-v1/MINIAODSIM
T2_CH_CERN
1497522
------------------------------------------
listing files in /ChargedHiggs_HplusTB_HplusToTB_M-350_13TeV_amcatnlo_pythia8/RunIISummer16MiniAODv2-PUMoriond17_80X_mcRun2_asymptotic_2016_TrancheIV_v6-v1/MINIAODSIM
T2_CH_CERN
1496373
------------------------------------------
listing files in /ChargedHiggs_HplusTB_HplusToTB_M-400_13TeV_amcatnlo_pythia8/RunIISummer16MiniAODv2-PUMoriond17_80X_mcRun2_asymptotic_2016_TrancheIV_v6-v1/MINIAODSIM
T2_CH_CERN
1496088
------------------------------------------
listing files in /ChargedHiggs_HplusTB_HplusToTB_M-500_13TeV_amcatnlo_pythia8/RunIISummer16MiniAODv2-PUMoriond17_80X_mcRun2_asymptotic_2016_TrancheIV_v6-v1/MINIAODSIM
T2_CH_CERN
1500000
------------------------------------------
listing files in /ChargedHiggs_HplusTB_HplusToTB_M-800_13TeV_amcatnlo_pythia8/RunIISummer16MiniAODv2-PUMoriond17_80X_mcRun2_asymptotic_2016_TrancheIV_v6-v1/MINIAODSIM
T2_CH_CERN
1494646
------------------------------------------
listing files in /ChargedHiggs_HplusTB_HplusToTB_M-3000_13TeV_amcatnlo_pythia8/RunIISummer16MiniAODv2-PUMoriond17_80X_mcRun2_asymptotic_2016_TrancheIV_v6-v1/MINIAODSIM
T2_CH_CERN
1497017
------------------------------------------
listing files in /TprimeTprime_M-1000_TuneCUETP8M1_13TeV-madgraph-pythia8/RunIISummer16MiniAODv2-PUMoriond17_80X_mcRun2_asymptotic_2016_TrancheIV_v6-v1/MINIAODSIM
T2_CH_CERN
829600
------------------------------------------
listing files in /TprimeTprime_M-1100_TuneCUETP8M1_13TeV-madgraph-pythia8/RunIISummer16MiniAODv2-PUMoriond17_80X_mcRun2_asymptotic_2016_TrancheIV_v6-v1/MINIAODSIM
T2_CH_CERN
832800
------------------------------------------
listing files in /TprimeTprime_M-1200_TuneCUETP8M1_13TeV-madgraph-pythia8/RunIISummer16MiniAODv2-PUMoriond17_80X_mcRun2_asymptotic_2016_TrancheIV_v6-v1/MINIAODSIM
T2_CH_CERN
832600
------------------------------------------
listing files in /TprimeTprime_M-1300_TuneCUETP8M1_13TeV-madgraph-pythia8/RunIISummer16MiniAODv2-PUMoriond17_80X_mcRun2_asymptotic_2016_TrancheIV_v6-v1/MINIAODSIM
T2_CH_CERN
831000
------------------------------------------
listing files in /TprimeTprime_M-1400_TuneCUETP8M1_13TeV-madgraph-pythia8/RunIISummer16MiniAODv2-PUMoriond17_80X_mcRun2_asymptotic_2016_TrancheIV_v6-v1/MINIAODSIM
T2_CH_CERN
832600
------------------------------------------
listing files in /TprimeTprime_M-1500_TuneCUETP8M1_13TeV-madgraph-pythia8/RunIISummer16MiniAODv2-PUMoriond17_80X_mcRun2_asymptotic_2016_TrancheIV_v6-v1/MINIAODSIM
T2_CH_CERN
832800
------------------------------------------
listing files in /TprimeTprime_M-1600_TuneCUETP8M1_13TeV-madgraph-pythia8/RunIISummer16MiniAODv2-PUMoriond17_80X_mcRun2_asymptotic_2016_TrancheIV_v6-v1/MINIAODSIM
T2_CH_CERN
832600
------------------------------------------
listing files in /TprimeTprime_M-1700_TuneCUETP8M1_13TeV-madgraph-pythia8/RunIISummer16MiniAODv2-PUMoriond17_80X_mcRun2_asymptotic_2016_TrancheIV_v6-v1/MINIAODSIM
T2_CH_CERN
797000
------------------------------------------
listing files in /TprimeTprime_M-1800_TuneCUETP8M1_13TeV-madgraph-pythia8/RunIISummer16MiniAODv2-PUMoriond17_80X_mcRun2_asymptotic_2016_TrancheIV_v6-v1/MINIAODSIM
T2_CH_CERN
833000
------------------------------------------
listing files in /TprimeTprime_M-700_TuneCUETP8M1_13TeV-madgraph-pythia8/RunIISummer16MiniAODv2-PUMoriond17_80X_mcRun2_asymptotic_2016_TrancheIV_v6-v1/MINIAODSIM
T2_CH_CERN
816800
------------------------------------------
listing files in /TprimeTprime_M-800_TuneCUETP8M1_13TeV-madgraph-pythia8/RunIISummer16MiniAODv2-PUMoriond17_80X_mcRun2_asymptotic_2016_TrancheIV_v6-v1/MINIAODSIM
T2_CH_CERN
795000
------------------------------------------
listing files in /TprimeTprime_M-900_TuneCUETP8M1_13TeV-madgraph-pythia8/RunIISummer16MiniAODv2-PUMoriond17_80X_mcRun2_asymptotic_2016_TrancheIV_v6-v1/MINIAODSIM
T2_CH_CERN
831200
------------------------------------------
listing files in /BprimeBprime_M-1000_TuneCUETP8M1_13TeV-madgraph-pythia8/RunIISummer16MiniAODv2-PUMoriond17_80X_mcRun2_asymptotic_2016_TrancheIV_v6-v1/MINIAODSIM
T2_CH_CERN
831400
------------------------------------------
listing files in /BprimeBprime_M-1100_TuneCUETP8M1_13TeV-madgraph-pythia8/RunIISummer16MiniAODv2-PUMoriond17_80X_mcRun2_asymptotic_2016_TrancheIV_v6-v1/MINIAODSIM
T2_CH_CERN
833000
------------------------------------------
listing files in /BprimeBprime_M-1200_TuneCUETP8M1_13TeV-madgraph-pythia8/RunIISummer16MiniAODv2-PUMoriond17_80X_mcRun2_asymptotic_2016_TrancheIV_v6-v1/MINIAODSIM
T2_CH_CERN
832600
------------------------------------------
listing files in /BprimeBprime_M-1300_TuneCUETP8M1_13TeV-madgraph-pythia8/RunIISummer16MiniAODv2-PUMoriond17_80X_mcRun2_asymptotic_2016_TrancheIV_v6-v1/MINIAODSIM
T2_CH_CERN
800400
------------------------------------------
listing files in /BprimeBprime_M-1400_TuneCUETP8M1_13TeV-madgraph-pythia8/RunIISummer16MiniAODv2-PUMoriond17_80X_mcRun2_asymptotic_2016_TrancheIV_v6-v1/MINIAODSIM
T2_CH_CERN
831000
------------------------------------------
listing files in /BprimeBprime_M-1500_TuneCUETP8M1_13TeV-madgraph-pythia8/RunIISummer16MiniAODv2-PUMoriond17_80X_mcRun2_asymptotic_2016_TrancheIV_v6-v1/MINIAODSIM
T2_CH_CERN
831200
------------------------------------------
listing files in /BprimeBprime_M-1600_TuneCUETP8M1_13TeV-madgraph-pythia8/RunIISummer16MiniAODv2-PUMoriond17_80X_mcRun2_asymptotic_2016_TrancheIV_v6-v2/MINIAODSIM
T2_CH_CERN
684000
------------------------------------------
listing files in /BprimeBprime_M-1700_TuneCUETP8M1_13TeV-madgraph-pythia8/RunIISummer16MiniAODv2-PUMoriond17_80X_mcRun2_asymptotic_2016_TrancheIV_v6-v1/MINIAODSIM
T2_CH_CERN
832600
------------------------------------------
listing files in /BprimeBprime_M-1800_TuneCUETP8M1_13TeV-madgraph-pythia8/RunIISummer16MiniAODv2-PUMoriond17_80X_mcRun2_asymptotic_2016_TrancheIV_v6-v1/MINIAODSIM
T2_CH_CERN
833000
------------------------------------------
listing files in /BprimeBprime_M-700_TuneCUETP8M1_13TeV-madgraph-pythia8/RunIISummer16MiniAODv2-PUMoriond17_80X_mcRun2_asymptotic_2016_TrancheIV_v6-v1/MINIAODSIM
T2_CH_CERN
816600
------------------------------------------
listing files in /BprimeBprime_M-800_TuneCUETP8M1_13TeV-madgraph-pythia8/RunIISummer16MiniAODv2-PUMoriond17_80X_mcRun2_asymptotic_2016_TrancheIV_v6-v1/MINIAODSIM
T2_CH_CERN
817200
------------------------------------------
listing files in /BprimeBprime_M-900_TuneCUETP8M1_13TeV-madgraph-pythia8/RunIISummer16MiniAODv2-PUMoriond17_80X_mcRun2_asymptotic_2016_TrancheIV_v6-v1/MINIAODSIM
T2_CH_CERN
799800
------------------------------------------
listing files in /X53X53_M-1000_LH_TuneCUETP8M1_13TeV-madgraph-pythia8/RunIISummer16MiniAODv2-PUMoriond17_80X_mcRun2_asymptotic_2016_TrancheIV_v6-v1/MINIAODSIM
T2_CH_CERN
300000
------------------------------------------
listing files in /X53X53_M-1000_RH_TuneCUETP8M1_13TeV-madgraph-pythia8/RunIISummer16MiniAODv2-PUMoriond17_80X_mcRun2_asymptotic_2016_TrancheIV_v6-v1/MINIAODSIM
T2_CH_CERN
300000
------------------------------------------
listing files in /X53X53_M-1100_LH_TuneCUETP8M1_13TeV-madgraph-pythia8/RunIISummer16MiniAODv2-PUMoriond17_80X_mcRun2_asymptotic_2016_TrancheIV_v6-v1/MINIAODSIM
T2_CH_CERN
300000
------------------------------------------
listing files in /X53X53_M-1100_RH_TuneCUETP8M1_13TeV-madgraph-pythia8/RunIISummer16MiniAODv2-PUMoriond17_80X_mcRun2_asymptotic_2016_TrancheIV_v6-v1/MINIAODSIM
T2_CH_CERN
300000
------------------------------------------
listing files in /X53X53_M-1200_LH_TuneCUETP8M1_13TeV-madgraph-pythia8/RunIISummer16MiniAODv2-PUMoriond17_80X_mcRun2_asymptotic_2016_TrancheIV_v6-v1/MINIAODSIM
T2_CH_CERN
300000
------------------------------------------
listing files in /X53X53_M-1200_RH_TuneCUETP8M1_13TeV-madgraph-pythia8/RunIISummer16MiniAODv2-PUMoriond17_80X_mcRun2_asymptotic_2016_TrancheIV_v6-v1/MINIAODSIM
T2_CH_CERN
299800
------------------------------------------
listing files in /X53X53_M-1300_LH_TuneCUETP8M1_13TeV-madgraph-pythia8/RunIISummer16MiniAODv2-PUMoriond17_80X_mcRun2_asymptotic_2016_TrancheIV_v6-v1/MINIAODSIM
T2_CH_CERN
299800
------------------------------------------
listing files in /X53X53_M-1300_RH_TuneCUETP8M1_13TeV-madgraph-pythia8/RunIISummer16MiniAODv2-PUMoriond17_80X_mcRun2_asymptotic_2016_TrancheIV_v6-v1/MINIAODSIM
T2_CH_CERN
300000
------------------------------------------
listing files in /X53X53_M-1400_LH_TuneCUETP8M1_13TeV-madgraph-pythia8/RunIISummer16MiniAODv2-PUMoriond17_80X_mcRun2_asymptotic_2016_TrancheIV_v6-v1/MINIAODSIM
T2_CH_CERN
300000
------------------------------------------
listing files in /X53X53_M-1400_RH_TuneCUETP8M1_13TeV-madgraph-pythia8/RunIISummer16MiniAODv2-PUMoriond17_80X_mcRun2_asymptotic_2016_TrancheIV_v6-v1/MINIAODSIM
T2_CH_CERN
299800
------------------------------------------
listing files in /X53X53_M-1500_LH_TuneCUETP8M1_13TeV-madgraph-pythia8/RunIISummer16MiniAODv2-PUMoriond17_80X_mcRun2_asymptotic_2016_TrancheIV_v6-v1/MINIAODSIM
T2_CH_CERN
298400
------------------------------------------
listing files in /X53X53_M-1500_RH_TuneCUETP8M1_13TeV-madgraph-pythia8/RunIISummer16MiniAODv2-PUMoriond17_80X_mcRun2_asymptotic_2016_TrancheIV_v6-v1/MINIAODSIM
T2_CH_CERN
296400
------------------------------------------
listing files in /X53X53_M-1600_LH_TuneCUETP8M1_13TeV-madgraph-pythia8/RunIISummer16MiniAODv2-PUMoriond17_80X_mcRun2_asymptotic_2016_TrancheIV_v6-v1/MINIAODSIM
T2_CH_CERN
300000
------------------------------------------
listing files in /X53X53_M-1600_RH_TuneCUETP8M1_13TeV-madgraph-pythia8/RunIISummer16MiniAODv2-PUMoriond17_80X_mcRun2_asymptotic_2016_TrancheIV_v6-v1/MINIAODSIM
T2_CH_CERN
300000
------------------------------------------
listing files in /X53X53_M-700_LH_TuneCUETP8M1_13TeV-madgraph-pythia8/RunIISummer16MiniAODv2-PUMoriond17_80X_mcRun2_asymptotic_2016_TrancheIV_v6-v1/MINIAODSIM
T2_CH_CERN
300000
------------------------------------------
listing files in /X53X53_M-700_RH_TuneCUETP8M1_13TeV-madgraph-pythia8/RunIISummer16MiniAODv2-PUMoriond17_80X_mcRun2_asymptotic_2016_TrancheIV_v6-v1/MINIAODSIM
T2_CH_CERN
299800
------------------------------------------
listing files in /X53X53_M-800_LH_TuneCUETP8M1_13TeV-madgraph-pythia8/RunIISummer16MiniAODv2-PUMoriond17_80X_mcRun2_asymptotic_2016_TrancheIV_v6-v1/MINIAODSIM
T2_CH_CERN
300000
------------------------------------------
listing files in /X53X53_M-800_RH_TuneCUETP8M1_13TeV-madgraph-pythia8/RunIISummer16MiniAODv2-PUMoriond17_80X_mcRun2_asymptotic_2016_TrancheIV_v6-v1/MINIAODSIM
T2_CH_CERN
300000
------------------------------------------
listing files in /X53X53_M-900_LH_TuneCUETP8M1_13TeV-madgraph-pythia8/RunIISummer16MiniAODv2-PUMoriond17_80X_mcRun2_asymptotic_2016_TrancheIV_v6-v1/MINIAODSIM
T2_CH_CERN
300000
------------------------------------------
listing files in /X53X53_M-900_RH_TuneCUETP8M1_13TeV-madgraph-pythia8/RunIISummer16MiniAODv2-PUMoriond17_80X_mcRun2_asymptotic_2016_TrancheIV_v6-v1/MINIAODSIM
T2_CH_CERN
300000
------------------------------------------
listing files in /TT_TuneCUETP8M2T4_13TeV-powheg-pythia8/RunIISummer16MiniAODv2-PUMoriond17_80X_mcRun2_asymptotic_2016_TrancheIV_v6-v1/MINIAODSIM
T2_CH_CERN
77229341
------------------------------------------
listing files in /TT_TuneCUETP8M2T4_13TeV-powheg-pythia8/RunIISummer16MiniAODv2-PUMoriond17_backup_80X_mcRun2_asymptotic_2016_TrancheIV_v6-v1/MINIAODSIM
T2_CH_CERN
78006311
------------------------------------------
listing files in /TTWJetsToLNu_TuneCUETP8M1_13TeV-amcatnloFXFX-madspin-pythia8/RunIISummer16MiniAODv2-PUMoriond17_80X_mcRun2_asymptotic_2016_TrancheIV_v6_ext1-v3/MINIAODSIM
T2_CH_CERN
2160168
------------------------------------------
listing files in /TTWJetsToLNu_TuneCUETP8M1_13TeV-amcatnloFXFX-madspin-pythia8/RunIISummer16MiniAODv2-PUMoriond17_80X_mcRun2_asymptotic_2016_TrancheIV_v6_ext2-v1/MINIAODSIM
T2_CH_CERN
3120397
------------------------------------------
listing files in /TTWJetsToQQ_TuneCUETP8M1_13TeV-amcatnloFXFX-madspin-pythia8/RunIISummer16MiniAODv2-PUMoriond17_80X_mcRun2_asymptotic_2016_TrancheIV_v6-v1/MINIAODSIM
T2_CH_CERN
833298
------------------------------------------
listing files in /TTZToLLNuNu_M-10_TuneCUETP8M1_13TeV-amcatnlo-pythia8/RunIISummer16MiniAODv2-PUMoriond17_80X_mcRun2_asymptotic_2016_TrancheIV_v6_ext1-v1/MINIAODSIM
T2_CH_CERN
1992438
------------------------------------------
listing files in /TTZToQQ_TuneCUETP8M1_13TeV-amcatnlo-pythia8/RunIISummer16MiniAODv2-PUMoriond17_80X_mcRun2_asymptotic_2016_TrancheIV_v6-v1/MINIAODSIM
T2_CH_CERN
749400
------------------------------------------
listing files in /TTTT_TuneCUETP8M2T4_13TeV-amcatnlo-pythia8/RunIISummer16MiniAODv2-PUMoriond17_80X_mcRun2_asymptotic_2016_TrancheIV_v6-v1/MINIAODSIM
T2_CH_CERN
2456040
------------------------------------------
listing files in /ST_s-channel_4f_leptonDecays_13TeV-amcatnlo-pythia8_TuneCUETP8M1/RunIISummer16MiniAODv2-PUMoriond17_80X_mcRun2_asymptotic_2016_TrancheIV_v6-v1/MINIAODSIM
T2_CH_CERN
1000000
------------------------------------------
listing files in /ST_t-channel_antitop_4f_inclusiveDecays_13TeV-powhegV2-madspin-pythia8_TuneCUETP8M1/RunIISummer16MiniAODv2-PUMoriond17_80X_mcRun2_asymptotic_2016_TrancheIV_v6-v1/MINIAODSIM
T2_CH_CERN
38811017
------------------------------------------
listing files in /ST_t-channel_top_4f_inclusiveDecays_13TeV-powhegV2-madspin-pythia8_TuneCUETP8M1/RunIISummer16MiniAODv2-PUMoriond17_80X_mcRun2_asymptotic_2016_TrancheIV_v6-v1/MINIAODSIM
T2_CH_CERN
67240808
------------------------------------------
listing files in /ST_tW_antitop_5f_inclusiveDecays_13TeV-powheg-pythia8_TuneCUETP8M1/RunIISummer16MiniAODv2-PUMoriond17_80X_mcRun2_asymptotic_2016_TrancheIV_v6_ext1-v1/MINIAODSIM
T2_CH_CERN
6933094
------------------------------------------
listing files in /ST_tW_antitop_5f_NoFullyHadronicDecays_13TeV-powheg_TuneCUETP8M1/RunIISummer16MiniAODv2-PUMoriond17_80X_mcRun2_asymptotic_2016_TrancheIV_v6_ext1-v1/MINIAODSIM
T2_CH_CERN
3256407
------------------------------------------
listing files in /ST_tW_top_5f_inclusiveDecays_13TeV-powheg-pythia8_TuneCUETP8M1/RunIISummer16MiniAODv2-PUMoriond17_80X_mcRun2_asymptotic_2016_TrancheIV_v6_ext1-v1/MINIAODSIM
T2_CH_CERN
6952830
------------------------------------------
listing files in /ST_tW_top_5f_NoFullyHadronicDecays_13TeV-powheg_TuneCUETP8M1/RunIISummer16MiniAODv2-PUMoriond17_80X_mcRun2_asymptotic_2016_TrancheIV_v6_ext1-v1/MINIAODSIM
T2_CH_CERN
3256650
------------------------------------------
listing files in /WJetsToLNu_HT-100To200_TuneCUETP8M1_13TeV-madgraphMLM-pythia8/RunIISummer16MiniAODv2-PUMoriond17_80X_mcRun2_asymptotic_2016_TrancheIV_v6-v1/MINIAODSIM
T2_CH_CERN
10235198
------------------------------------------
listing files in /WJetsToLNu_HT-100To200_TuneCUETP8M1_13TeV-madgraphMLM-pythia8/RunIISummer16MiniAODv2-PUMoriond17_80X_mcRun2_asymptotic_2016_TrancheIV_v6_ext1-v1/MINIAODSIM
T2_CH_CERN
29503700
------------------------------------------
listing files in /WJetsToLNu_HT-100To200_TuneCUETP8M1_13TeV-madgraphMLM-pythia8/RunIISummer16MiniAODv2-PUMoriond17_80X_mcRun2_asymptotic_2016_TrancheIV_v6_ext2-v1/MINIAODSIM
T2_CH_CERN
39617787
------------------------------------------
listing files in /WJetsToLNu_HT-200To400_TuneCUETP8M1_13TeV-madgraphMLM-pythia8/RunIISummer16MiniAODv2-PUMoriond17_80X_mcRun2_asymptotic_2016_TrancheIV_v6-v1/MINIAODSIM
T2_CH_CERN
4950373
------------------------------------------
listing files in /WJetsToLNu_HT-200To400_TuneCUETP8M1_13TeV-madgraphMLM-pythia8/RunIISummer16MiniAODv2-PUMoriond17_80X_mcRun2_asymptotic_2016_TrancheIV_v6_ext1-v1/MINIAODSIM
T2_CH_CERN
14815928
------------------------------------------
listing files in /WJetsToLNu_HT-200To400_TuneCUETP8M1_13TeV-madgraphMLM-pythia8/RunIISummer16MiniAODv2-PUMoriond17_80X_mcRun2_asymptotic_2016_TrancheIV_v6_ext2-v1/MINIAODSIM
T2_CH_CERN
19914590
------------------------------------------
listing files in /WJetsToLNu_HT-400To600_TuneCUETP8M1_13TeV-madgraphMLM-pythia8/RunIISummer16MiniAODv2-PUMoriond17_80X_mcRun2_asymptotic_2016_TrancheIV_v6-v1/MINIAODSIM
T2_CH_CERN
1963464
------------------------------------------
listing files in /WJetsToLNu_HT-400To600_TuneCUETP8M1_13TeV-madgraphMLM-pythia8/RunIISummer16MiniAODv2-PUMoriond17_80X_mcRun2_asymptotic_2016_TrancheIV_v6_ext1-v1/MINIAODSIM
T2_CH_CERN
5796237
------------------------------------------
listing files in /WJetsToLNu_HT-600To800_TuneCUETP8M1_13TeV-madgraphMLM-pythia8/RunIISummer16MiniAODv2-PUMoriond17_80X_mcRun2_asymptotic_2016_TrancheIV_v6-v1/MINIAODSIM
T2_CH_CERN
3779141
------------------------------------------
listing files in /WJetsToLNu_HT-600To800_TuneCUETP8M1_13TeV-madgraphMLM-pythia8/RunIISummer16MiniAODv2-PUMoriond17_80X_mcRun2_asymptotic_2016_TrancheIV_v6_ext1-v1/MINIAODSIM
T2_CH_CERN
14908339
------------------------------------------
listing files in /WJetsToLNu_HT-800To1200_TuneCUETP8M1_13TeV-madgraphMLM-pythia8/RunIISummer16MiniAODv2-PUMoriond17_80X_mcRun2_asymptotic_2016_TrancheIV_v6-v1/MINIAODSIM
T2_CH_CERN
1544513
------------------------------------------
listing files in /WJetsToLNu_HT-800To1200_TuneCUETP8M1_13TeV-madgraphMLM-pythia8/RunIISummer16MiniAODv2-PUMoriond17_80X_mcRun2_asymptotic_2016_TrancheIV_v6_ext1-v1/MINIAODSIM
T2_CH_CERN
6200954
------------------------------------------
listing files in /WJetsToLNu_HT-1200To2500_TuneCUETP8M1_13TeV-madgraphMLM-pythia8/RunIISummer16MiniAODv2-PUMoriond17_80X_mcRun2_asymptotic_2016_TrancheIV_v6-v1/MINIAODSIM
T2_CH_CERN
244532
------------------------------------------
listing files in /WJetsToLNu_HT-1200To2500_TuneCUETP8M1_13TeV-madgraphMLM-pythia8/RunIISummer16MiniAODv2-PUMoriond17_80X_mcRun2_asymptotic_2016_TrancheIV_v6_ext-v1/MINIAODSIM

------------------------------------------
listing files in /WJetsToLNu_HT-2500ToInf_TuneCUETP8M1_13TeV-madgraphMLM-pythia8/RunIISummer16MiniAODv2-PUMoriond17_80X_mcRun2_asymptotic_2016_TrancheIV_v6-v1/MINIAODSIM
T2_CH_CERN
253561
------------------------------------------
listing files in /WJetsToLNu_HT-2500ToInf_TuneCUETP8M1_13TeV-madgraphMLM-pythia8/RunIISummer16MiniAODv2-PUMoriond17_80X_mcRun2_asymptotic_2016_TrancheIV_v6_ext1-v1/MINIAODSIM
T2_CH_CERN
2384260
------------------------------------------
listing files in /WJetsToLNu_TuneCUETP8M1_13TeV-amcatnloFXFX-pythia8/RunIISummer16MiniAODv2-PUMoriond17_80X_mcRun2_asymptotic_2016_TrancheIV_v6-v1/MINIAODSIM
T2_CH_CERN
24120319
------------------------------------------
listing files in /WJetsToLNu_TuneCUETP8M1_13TeV-madgraphMLM-pythia8/RunIISummer16MiniAODv2-PUMoriond17_80X_mcRun2_asymptotic_2016_TrancheIV_v6-v1/MINIAODSIM
T2_CH_CERN
29705748
------------------------------------------
listing files in /WJetsToLNu_TuneCUETP8M1_13TeV-madgraphMLM-pythia8/RunIISummer16MiniAODv2-PUMoriond17_80X_mcRun2_asymptotic_2016_TrancheIV_v6_ext2-v1/MINIAODSIM
T2_CH_CERN
57026058
------------------------------------------
listing files in /WJetsToLNu_Pt-100To250_TuneCUETP8M1_13TeV-amcatnloFXFX-pythia8/RunIISummer16MiniAODv2-PUMoriond17_80X_mcRun2_asymptotic_2016_TrancheIV_v6-v1/MINIAODSIM
T2_CH_CERN
10089661
------------------------------------------
listing files in /WJetsToLNu_Pt-100To250_TuneCUETP8M1_13TeV-amcatnloFXFX-pythia8/RunIISummer16MiniAODv2-PUMoriond17_80X_mcRun2_asymptotic_2016_TrancheIV_v6_ext1-v1/MINIAODSIM
T2_CH_CERN
10088599
------------------------------------------
listing files in /WJetsToLNu_Pt-250To400_TuneCUETP8M1_13TeV-amcatnloFXFX-pythia8/RunIISummer16MiniAODv2-PUMoriond17_80X_mcRun2_asymptotic_2016_TrancheIV_v6-v1/MINIAODSIM
T2_CH_CERN
1001250
------------------------------------------
listing files in /WJetsToLNu_Pt-250To400_TuneCUETP8M1_13TeV-amcatnloFXFX-pythia8/RunIISummer16MiniAODv2-PUMoriond17_80X_mcRun2_asymptotic_2016_TrancheIV_v6_ext1-v1/MINIAODSIM
T2_CH_CERN
1000132
------------------------------------------
listing files in /WJetsToLNu_Pt-250To400_TuneCUETP8M1_13TeV-amcatnloFXFX-pythia8/RunIISummer16MiniAODv2-PUMoriond17_80X_mcRun2_asymptotic_2016_TrancheIV_v6_ext4-v1/MINIAODSIM
T2_CH_CERN
10021205
------------------------------------------
listing files in /WJetsToLNu_Pt-400To600_TuneCUETP8M1_13TeV-amcatnloFXFX-pythia8/RunIISummer16MiniAODv2-PUMoriond17_80X_mcRun2_asymptotic_2016_TrancheIV_v6-v1/MINIAODSIM
T2_CH_CERN
951713
------------------------------------------
listing files in /WJetsToLNu_Pt-400To600_TuneCUETP8M1_13TeV-amcatnloFXFX-pythia8/RunIISummer16MiniAODv2-PUMoriond17_80X_mcRun2_asymptotic_2016_TrancheIV_v6_ext1-v1/MINIAODSIM
T2_CH_CERN
988234
------------------------------------------
listing files in /WJetsToLNu_Pt-600ToInf_TuneCUETP8M1_13TeV-amcatnloFXFX-pythia8/RunIISummer16MiniAODv2-PUMoriond17_80X_mcRun2_asymptotic_2016_TrancheIV_v6-v1/MINIAODSIM
T2_CH_CERN
989482
------------------------------------------
listing files in /WJetsToLNu_Pt-600ToInf_TuneCUETP8M1_13TeV-amcatnloFXFX-pythia8/RunIISummer16MiniAODv2-PUMoriond17_80X_mcRun2_asymptotic_2016_TrancheIV_v6_ext1-v1/MINIAODSIM
T2_CH_CERN
985127
------------------------------------------
listing files in /DYJetsToLL_M-50_HT-100to200_TuneCUETP8M1_13TeV-madgraphMLM-pythia8/RunIISummer16MiniAODv2-PUMoriond17_80X_mcRun2_asymptotic_2016_TrancheIV_v6-v1/MINIAODSIM
T2_CH_CERN
2751187
------------------------------------------
listing files in /DYJetsToLL_M-50_HT-100to200_TuneCUETP8M1_13TeV-madgraphMLM-pythia8/RunIISummer16MiniAODv2-PUMoriond17_80X_mcRun2_asymptotic_2016_TrancheIV_v6_ext1-v1/MINIAODSIM
T2_CH_CERN
7856020
------------------------------------------
listing files in /DYJetsToLL_M-50_HT-200to400_TuneCUETP8M1_13TeV-madgraphMLM-pythia8/RunIISummer16MiniAODv2-PUMoriond17_80X_mcRun2_asymptotic_2016_TrancheIV_v6-v1/MINIAODSIM
T2_CH_CERN
962195
------------------------------------------
listing files in /DYJetsToLL_M-50_HT-200to400_TuneCUETP8M1_13TeV-madgraphMLM-pythia8/RunIISummer16MiniAODv2-PUMoriond17_80X_mcRun2_asymptotic_2016_TrancheIV_v6_ext1-v1/MINIAODSIM
T2_CH_CERN
8691536
------------------------------------------
listing files in /DYJetsToLL_M-50_HT-400to600_TuneCUETP8M1_13TeV-madgraphMLM-pythia8/RunIISummer16MiniAODv2-PUMoriond17_80X_mcRun2_asymptotic_2016_TrancheIV_v6-v1/MINIAODSIM
T2_CH_CERN
1070454
------------------------------------------
listing files in /DYJetsToLL_M-50_HT-400to600_TuneCUETP8M1_13TeV-madgraphMLM-pythia8/RunIISummer16MiniAODv2-PUMoriond17_80X_mcRun2_asymptotic_2016_TrancheIV_v6_ext1-v1/MINIAODSIM
T2_CH_CERN
8938322
------------------------------------------
listing files in /DYJetsToLL_M-50_HT-600to800_TuneCUETP8M1_13TeV-madgraphMLM-pythia8/RunIISummer16MiniAODv2-PUMoriond17_80X_mcRun2_asymptotic_2016_TrancheIV_v6-v2/MINIAODSIM
T2_CH_CERN
8292957
------------------------------------------
listing files in /DYJetsToLL_M-50_HT-800to1200_TuneCUETP8M1_13TeV-madgraphMLM-pythia8/RunIISummer16MiniAODv2-PUMoriond17_80X_mcRun2_asymptotic_2016_TrancheIV_v6-v1/MINIAODSIM
T2_CH_CERN
2668730
------------------------------------------
listing files in /DYJetsToLL_M-50_HT-1200to2500_TuneCUETP8M1_13TeV-madgraphMLM-pythia8/RunIISummer16MiniAODv2-PUMoriond17_80X_mcRun2_asymptotic_2016_TrancheIV_v6-v1/MINIAODSIM
T2_CH_CERN
596079
------------------------------------------
listing files in /DYJetsToLL_M-50_HT-2500toInf_TuneCUETP8M1_13TeV-madgraphMLM-pythia8/RunIISummer16MiniAODv2-PUMoriond17_80X_mcRun2_asymptotic_2016_TrancheIV_v6-v1/MINIAODSIM
T2_CH_CERN
399492
------------------------------------------
listing files in /DYJetsToLL_Pt-100To250_TuneCUETP8M1_13TeV-amcatnloFXFX-pythia8/RunIISummer16MiniAODv2-PUMoriond17_80X_mcRun2_asymptotic_2016_TrancheIV_v6-v2/MINIAODSIM
T2_CH_CERN
2040596
------------------------------------------
listing files in /DYJetsToLL_Pt-100To250_TuneCUETP8M1_13TeV-amcatnloFXFX-pythia8/RunIISummer16MiniAODv2-PUMoriond17_80X_mcRun2_asymptotic_2016_TrancheIV_v6_ext1-v1/MINIAODSIM
T2_CH_CERN
2950812
------------------------------------------
listing files in /DYJetsToLL_Pt-100To250_TuneCUETP8M1_13TeV-amcatnloFXFX-pythia8/RunIISummer16MiniAODv2-PUMoriond17_80X_mcRun2_asymptotic_2016_TrancheIV_v6_ext2-v1/MINIAODSIM
T2_CH_CERN
2991815
------------------------------------------
listing files in /DYJetsToLL_Pt-250To400_TuneCUETP8M1_13TeV-amcatnloFXFX-pythia8/RunIISummer16MiniAODv2-PUMoriond17_80X_mcRun2_asymptotic_2016_TrancheIV_v6-v1/MINIAODSIM
T2_CH_CERN
423976
------------------------------------------
listing files in /DYJetsToLL_Pt-250To400_TuneCUETP8M1_13TeV-amcatnloFXFX-pythia8/RunIISummer16MiniAODv2-PUMoriond17_80X_mcRun2_asymptotic_2016_TrancheIV_v6_ext1-v1/MINIAODSIM
T2_CH_CERN
590806
------------------------------------------
listing files in /DYJetsToLL_Pt-250To400_TuneCUETP8M1_13TeV-amcatnloFXFX-pythia8/RunIISummer16MiniAODv2-PUMoriond17_80X_mcRun2_asymptotic_2016_TrancheIV_v6_ext2-v1/MINIAODSIM
T2_CH_CERN
594317
------------------------------------------
listing files in /DYJetsToLL_Pt-400To650_TuneCUETP8M1_13TeV-amcatnloFXFX-pythia8/RunIISummer16MiniAODv2-PUMoriond17_80X_mcRun2_asymptotic_2016_TrancheIV_v6-v1/MINIAODSIM
T2_CH_CERN
432056
------------------------------------------
listing files in /DYJetsToLL_Pt-400To650_TuneCUETP8M1_13TeV-amcatnloFXFX-pythia8/RunIISummer16MiniAODv2-PUMoriond17_80X_mcRun2_asymptotic_2016_TrancheIV_v6_ext1-v1/MINIAODSIM
T2_CH_CERN
589842
------------------------------------------
listing files in /DYJetsToLL_Pt-400To650_TuneCUETP8M1_13TeV-amcatnloFXFX-pythia8/RunIISummer16MiniAODv2-PUMoriond17_80X_mcRun2_asymptotic_2016_TrancheIV_v6_ext2-v1/MINIAODSIM
T2_CH_CERN
604038
------------------------------------------
listing files in /DYJetsToLL_Pt-50To100_TuneCUETP8M1_13TeV-amcatnloFXFX-pythia8/RunIISummer16MiniAODv2-PUMoriond17_80X_mcRun2_asymptotic_2016_TrancheIV_v6-v3/MINIAODSIM
T2_CH_CERN
21890432
------------------------------------------
listing files in /DYJetsToLL_Pt-650ToInf_TuneCUETP8M1_13TeV-amcatnloFXFX-pythia8/RunIISummer16MiniAODv2-PUMoriond17_80X_mcRun2_asymptotic_2016_TrancheIV_v6-v1/MINIAODSIM
T2_CH_CERN
430691
------------------------------------------
listing files in /DYJetsToLL_Pt-650ToInf_TuneCUETP8M1_13TeV-amcatnloFXFX-pythia8/RunIISummer16MiniAODv2-PUMoriond17_80X_mcRun2_asymptotic_2016_TrancheIV_v6_ext1-v1/MINIAODSIM
T2_CH_CERN
599665
------------------------------------------
listing files in /DYJetsToLL_Pt-650ToInf_TuneCUETP8M1_13TeV-amcatnloFXFX-pythia8/RunIISummer16MiniAODv2-PUMoriond17_80X_mcRun2_asymptotic_2016_TrancheIV_v6_ext2-v1/MINIAODSIM
T2_CH_CERN
597526
------------------------------------------
listing files in /WW_TuneCUETP8M1_13TeV-pythia8/RunIISummer16MiniAODv2-PUMoriond17_80X_mcRun2_asymptotic_2016_TrancheIV_v6-v1/MINIAODSIM
T2_CH_CERN
994012
------------------------------------------
listing files in /WW_TuneCUETP8M1_13TeV-pythia8/RunIISummer16MiniAODv2-PUMoriond17_80X_mcRun2_asymptotic_2016_TrancheIV_v6_ext1-v1/MINIAODSIM
T2_CH_CERN
6987124
------------------------------------------
listing files in /WWTo2L2Nu_13TeV-powheg/RunIISummer16MiniAODv2-PUMoriond17_80X_mcRun2_asymptotic_2016_TrancheIV_v6-v1/MINIAODSIM
T2_CH_CERN
1999000
------------------------------------------
listing files in /WWToLNuQQ_13TeV-powheg/RunIISummer16MiniAODv2-PUMoriond17_80X_mcRun2_asymptotic_2016_TrancheIV_v6-v1/MINIAODSIM
T2_CH_CERN
1999200
------------------------------------------
listing files in /WWToLNuQQ_13TeV-powheg/RunIISummer16MiniAODv2-PUMoriond17_80X_mcRun2_asymptotic_2016_TrancheIV_v6_ext1-v1/MINIAODSIM
T2_CH_CERN
6998600
------------------------------------------
listing files in /WZ_TuneCUETP8M1_13TeV-pythia8/RunIISummer16MiniAODv2-PUMoriond17_80X_mcRun2_asymptotic_2016_TrancheIV_v6-v1/MINIAODSIM
T2_CH_CERN
1000000
------------------------------------------
listing files in /WZ_TuneCUETP8M1_13TeV-pythia8/RunIISummer16MiniAODv2-PUMoriond17_80X_mcRun2_asymptotic_2016_TrancheIV_v6_ext1-v1/MINIAODSIM
T2_CH_CERN
2995828
------------------------------------------
listing files in /WZTo1L1Nu2Q_13TeV_amcatnloFXFX_madspin_pythia8/RunIISummer16MiniAODv2-PUMoriond17_80X_mcRun2_asymptotic_2016_TrancheIV_v6-v3/MINIAODSIM
T2_CH_CERN
24221923
------------------------------------------
listing files in /WZTo1L3Nu_13TeV_amcatnloFXFX_madspin_pythia8/RunIISummer16MiniAODv2-PUMoriond17_80X_mcRun2_asymptotic_2016_TrancheIV_v6-v1/MINIAODSIM
T2_CH_CERN
1703772
------------------------------------------
listing files in /WZTo2L2Q_13TeV_amcatnloFXFX_madspin_pythia8/RunIISummer16MiniAODv2-PUMoriond17_80X_mcRun2_asymptotic_2016_TrancheIV_v6-v1/MINIAODSIM
T2_CH_CERN
26517272
------------------------------------------
listing files in /WZTo3LNu_TuneCUETP8M1_13TeV-amcatnloFXFX-pythia8/RunIISummer16MiniAODv2-PUMoriond17_80X_mcRun2_asymptotic_2016_TrancheIV_v6-v1/MINIAODSIM
T2_CH_CERN
11887464
------------------------------------------
listing files in /WZTo3LNu_TuneCUETP8M1_13TeV-powheg-pythia8/RunIISummer16MiniAODv2-PUMoriond17_80X_mcRun2_asymptotic_2016_TrancheIV_v6-v1/MINIAODSIM
T2_CH_CERN
1993200
------------------------------------------
listing files in /WZToLNu2Q_13TeV_powheg_pythia8/RunIISummer16MiniAODv2-PUMoriond17_80X_mcRun2_asymptotic_2016_TrancheIV_v6-v1/MINIAODSIM
T2_CH_CERN
497702
------------------------------------------
listing files in /ZZ_TuneCUETP8M1_13TeV-pythia8/RunIISummer16MiniAODv2-PUMoriond17_80X_mcRun2_asymptotic_2016_TrancheIV_v6-v1/MINIAODSIM
T2_CH_CERN
990064
------------------------------------------
listing files in /ZZ_TuneCUETP8M1_13TeV-pythia8/RunIISummer16MiniAODv2-PUMoriond17_80X_mcRun2_asymptotic_2016_TrancheIV_v6_ext1-v1/MINIAODSIM
T2_CH_CERN
998034
------------------------------------------
listing files in /ZZTo2L2Nu_13TeV_powheg_pythia8/RunIISummer16MiniAODv2-PUMoriond17_80X_mcRun2_asymptotic_2016_TrancheIV_v6-v1/MINIAODSIM
T2_CH_CERN
8842475
------------------------------------------
listing files in /ZZTo2L2Q_13TeV_powheg_pythia8/RunIISummer16MiniAODv2-PUMoriond17_80X_mcRun2_asymptotic_2016_TrancheIV_v6-v1/MINIAODSIM
488320
------------------------------------------
listing files in /ZZTo2Q2Nu_13TeV_powheg_pythia8/RunIISummer16MiniAODv2-PUMoriond17_80X_mcRun2_asymptotic_2016_TrancheIV_v6-v1/MINIAODSIM
T2_CH_CERN
489955
------------------------------------------
listing files in /ZZTo4L_13TeV_powheg_pythia8/RunIISummer16MiniAODv2-PUMoriond17_80X_mcRun2_asymptotic_2016_TrancheIV_v6-v1/MINIAODSIM
T2_CH_CERN
6669988
------------------------------------------
listing files in /ZZTo2L2Q_13TeV_amcatnloFXFX_madspin_pythia8/RunIISummer16MiniAODv2-PUMoriond17_80X_mcRun2_asymptotic_2016_TrancheIV_v6-v1/MINIAODSIM
T2_CH_CERN
15345572
------------------------------------------
listing files in /ZZTo2Q2Nu_13TeV_amcatnloFXFX_madspin_pythia8/RunIISummer16MiniAODv2-PUMoriond17_80X_mcRun2_asymptotic_2016_TrancheIV_v6-v1/MINIAODSIM
T2_CH_CERN
30082038
------------------------------------------
listing files in /ZZTo4L_13TeV-amcatnloFXFX-pythia8/RunIISummer16MiniAODv2-PUMoriond17_80X_mcRun2_asymptotic_2016_TrancheIV_v6_ext1-v1/MINIAODSIM
T2_CH_CERN
10709784
------------------------------------------
listing files in /WWW_4F_TuneCUETP8M1_13TeV-amcatnlo-pythia8/RunIISummer16MiniAODv2-PUMoriond17_80X_mcRun2_asymptotic_2016_TrancheIV_v6-v1/MINIAODSIM
T2_CH_CERN
240000
------------------------------------------
listing files in /WWZ_TuneCUETP8M1_13TeV-amcatnlo-pythia8/RunIISummer16MiniAODv2-PUMoriond17_80X_mcRun2_asymptotic_2016_TrancheIV_v6-v1/MINIAODSIM
T2_CH_CERN
250000
------------------------------------------
listing files in /WZZ_TuneCUETP8M1_13TeV-amcatnlo-pythia8/RunIISummer16MiniAODv2-PUMoriond17_80X_mcRun2_asymptotic_2016_TrancheIV_v6-v1/MINIAODSIM
T2_CH_CERN
246800
------------------------------------------
listing files in /ZZZ_TuneCUETP8M1_13TeV-amcatnlo-pythia8/RunIISummer16MiniAODv2-PUMoriond17_80X_mcRun2_asymptotic_2016_TrancheIV_v6-v1/MINIAODSIM
T2_CH_CERN
249237
------------------------------------------
listing files in /QCD_HT100to200_TuneCUETP8M1_13TeV-madgraphMLM-pythia8/RunIISummer16MiniAODv2-PUMoriond17_80X_mcRun2_asymptotic_2016_TrancheIV_v6-v1/MINIAODSIM
T2_CH_CERN
80684349
------------------------------------------
listing files in /QCD_HT200to300_TuneCUETP8M1_13TeV-madgraphMLM-pythia8/RunIISummer16MiniAODv2-PUMoriond17_80X_mcRun2_asymptotic_2016_TrancheIV_v6-v1/MINIAODSIM
T2_CH_CERN
18722416
------------------------------------------
listing files in /QCD_HT200to300_TuneCUETP8M1_13TeV-madgraphMLM-pythia8/RunIISummer16MiniAODv2-PUMoriond17_80X_mcRun2_asymptotic_2016_TrancheIV_v6_ext1-v1/MINIAODSIM
T2_CH_CERN
38857977
------------------------------------------
listing files in /QCD_HT300to500_TuneCUETP8M1_13TeV-madgraphMLM-pythia8/RunIISummer16MiniAODv2-PUMoriond17_80X_mcRun2_asymptotic_2016_TrancheIV_v6-v1/MINIAODSIM
T2_CH_CERN
17035891
------------------------------------------
listing files in /QCD_HT300to500_TuneCUETP8M1_13TeV-madgraphMLM-pythia8/RunIISummer16MiniAODv2-PUMoriond17_80X_mcRun2_asymptotic_2016_TrancheIV_v6_ext-v1/MINIAODSIM

------------------------------------------
listing files in /QCD_HT500to700_TuneCUETP8M1_13TeV-madgraphMLM-pythia8/RunIISummer16MiniAODv2-PUMoriond17_80X_mcRun2_asymptotic_2016_TrancheIV_v6-v1/MINIAODSIM
T2_CH_CERN
18929951
------------------------------------------
listing files in /QCD_HT500to700_TuneCUETP8M1_13TeV-madgraphMLM-pythia8/RunIISummer16MiniAODv2-PUMoriond17_80X_mcRun2_asymptotic_2016_TrancheIV_v6_ext1-v2/MINIAODSIM
T2_CH_CERN
43341392
------------------------------------------
listing files in /QCD_HT700to1000_TuneCUETP8M1_13TeV-madgraphMLM-pythia8/RunIISummer16MiniAODv2-PUMoriond17_80X_mcRun2_asymptotic_2016_TrancheIV_v6-v1/MINIAODSIM
T2_CH_CERN
15629253
------------------------------------------
listing files in /QCD_HT700to1000_TuneCUETP8M1_13TeV-madgraphMLM-pythia8/RunIISummer16MiniAODv2-PUMoriond17_80X_mcRun2_asymptotic_2016_TrancheIV_v6_ext1-v1/MINIAODSIM
T2_CH_CERN
29783527
------------------------------------------
listing files in /QCD_HT1000to1500_TuneCUETP8M1_13TeV-madgraphMLM-pythia8/RunIISummer16MiniAODv2-PUMoriond17_80X_mcRun2_asymptotic_2016_TrancheIV_v6-v1/MINIAODSIM
T2_CH_CERN
4767100
------------------------------------------
listing files in /QCD_HT1000to1500_TuneCUETP8M1_13TeV-madgraphMLM-pythia8/RunIISummer16MiniAODv2-PUMoriond17_80X_mcRun2_asymptotic_2016_TrancheIV_v6_ext-v1/MINIAODSIM

------------------------------------------
listing files in /QCD_HT1500to2000_TuneCUETP8M1_13TeV-madgraphMLM-pythia8/RunIISummer16MiniAODv2-PUMoriond17_80X_mcRun2_asymptotic_2016_TrancheIV_v6-v1/MINIAODSIM
T2_CH_CERN
3970819
------------------------------------------
listing files in /QCD_HT1500to2000_TuneCUETP8M1_13TeV-madgraphMLM-pythia8/RunIISummer16MiniAODv2-PUMoriond17_80X_mcRun2_asymptotic_2016_TrancheIV_v6_ext-v1/MINIAODSIM

------------------------------------------
listing files in /QCD_HT2000toInf_TuneCUETP8M1_13TeV-madgraphMLM-pythia8/RunIISummer16MiniAODv2-PUMoriond17_80X_mcRun2_asymptotic_2016_TrancheIV_v6-v1/MINIAODSIM
T2_CH_CERN
1991645
------------------------------------------
listing files in /QCD_HT2000toInf_TuneCUETP8M1_13TeV-madgraphMLM-pythia8/RunIISummer16MiniAODv2-PUMoriond17_80X_mcRun2_asymptotic_2016_TrancheIV_v6_ext-v1/MINIAODSIM

