
Checking /uscms_data/d3/rsyarif/Spring2016/produceLJMetNtuple76x/LJMet_3lepTT_051316_logs/JECup/
--verbose 1
checking ROOT files in: /eos/uscms/store/user/lpcljm/LJMet_3lepTT_051316/JECup/

WJetsToLNu_TuneCUETP8M1_13TeV-madgraphMLM-pythia8
	EMPTY LOG: WJetsToLNu_TuneCUETP8M1_13TeV-madgraphMLM-pythia8_104.jdl  and JobIndex: 104

TT_Mtt-1000toInf_TuneCUETP8M1_13TeV-powheg-pythia8

TT_Mtt-700to1000_TuneCUETP8M1_13TeV-powheg-pythia8

TTZToLLNuNu_M-10_TuneCUETP8M1_13TeV-amcatnlo-pythia8

WWZ_TuneCUETP8M1_13TeV-amcatnlo-pythia8

WWW_4f_TuneCUETP8M1_13TeV-amcatnlo-pythia8

TprimeTprime_M-1000_TuneCUETP8M1_13TeV-madgraph-pythia8

TprimeTprime_M-1100_TuneCUETP8M1_13TeV-madgraph-pythia8

TprimeTprime_M-1200_TuneCUETP8M1_13TeV-madgraph-pythia8

TprimeTprime_M-1300_TuneCUETP8M1_13TeV-madgraph-pythia8

TprimeTprime_M-1400_TuneCUETP8M1_13TeV-madgraph-pythia8

TprimeTprime_M-1500_TuneCUETP8M1_13TeV-madgraph-pythia8

TprimeTprime_M-1600_TuneCUETP8M1_13TeV-madgraph-pythia8

TprimeTprime_M-1700_TuneCUETP8M1_13TeV-madgraph-pythia8

TprimeTprime_M-1800_TuneCUETP8M1_13TeV-madgraph-pythia8

TprimeTprime_M-700_TuneCUETP8M1_13TeV-madgraph-pythia8

TprimeTprime_M-800_TuneCUETP8M1_13TeV-madgraph-pythia8

TprimeTprime_M-900_TuneCUETP8M1_13TeV-madgraph-pythia8

TTWJetsToLNu_TuneCUETP8M1_13TeV-amcatnloFXFX-madspin-pythia8

TTWJetsToQQ_TuneCUETP8M1_13TeV-amcatnloFXFX-madspin-pythia8

TTZToQQ_TuneCUETP8M1_13TeV-amcatnlo-pythia8

TT_TuneCUETP8M1_13TeV-powheg-pythia8

ST_s-channel_4f_leptonDecays_13TeV-amcatnlo-pythia8_TuneCUETP8M1

ST_t-channel_4f_leptonDecays_13TeV-amcatnlo-pythia8_TuneCUETP8M1

ST_tW_antitop_5f_inclusiveDecays_13TeV-powheg-pythia8_TuneCUETP8M1

ST_tW_top_5f_inclusiveDecays_13TeV-powheg-pythia8_TuneCUETP8M1

DYJetsToLL_M-50_TuneCUETP8M1_13TeV-amcatnloFXFX-pythia8

WJetsToLNu_HT-1200To2500_TuneCUETP8M1_13TeV-madgraphMLM-pythia8

WJetsToLNu_HT-200To400_TuneCUETP8M1_13TeV-madgraphMLM-pythia8

WJetsToLNu_HT-2500ToInf_TuneCUETP8M1_13TeV-madgraphMLM-pythia8

WJetsToLNu_HT-400To600_TuneCUETP8M1_13TeV-madgraphMLM-pythia8

ZZJJTo4L_13TeV-madgraph-pythia8

WJetsToLNu_HT-600To800_TuneCUETP8M1_13TeV-madgraphMLM-pythia8

WJetsToLNu_HT-800To1200_TuneCUETP8M1_13TeV-madgraphMLM-pythia8

WW_TuneCUETP8M1_13TeV-pythia8

WWJJToLNuLNu_EWK_QCD_noTop_13TeV-madgraph-pythia8

WWJJToLNuLNu_QCD_noTop_13TeV-madgraph-pythia8

WWTo2L2Nu_13TeV-powheg

WZ_TuneCUETP8M1_13TeV-pythia8

WZTo3LNu_TuneCUETP8M1_13TeV-powheg-pythia8

WZJets_TuneCUETP8M1_13TeV-amcatnloFXFX-pythia8

WZZ_TuneCUETP8M1_13TeV-amcatnlo-pythia8

ZZ_TuneCUETP8M1_13TeV-pythia8

ZZTo2L2Nu_13TeV_powheg_pythia8

ZZTo4L_13TeV-amcatnloFXFX-pythia8

ZZTo4L_13TeV_powheg_pythia8

QCD_HT100to200_TuneCUETP8M1_13TeV-madgraphMLM-pythia8

ZZZ_TuneCUETP8M1_13TeV-amcatnlo-pythia8

TOTAL JOBS:  1298
NO LOG: 0
EMPTY LOG: 1
ROOT files: 1298
DONE: 1297
